






                      =============================
                       H A R T R E E - F O C K . 86
                      =============================


               THE DIMENSIONS FOR THE CURRENT VERSION ARE:
                          NWF= 30        NO=220



 START OF CASE
 =============





          WEAK ORTHOGONALIZATION DURING THE SCF CYCLE=   T
          SCF CONVERGENCE TOLERANCE (FUNCTIONS)      = 1.00D-08
          NUMBER OF POINTS IN THE MAXIMUM RANGE      = 220


          ITERATION NUMBER  1
          ----------------

          SCF CONVERGENCE CRITERIA (SCFTOL*SQRT(Z*NWF)) =   4.9D-08


                     EL         ED             AZ           NORM       DPM
                     1s     45.2648534     43.3887125   2.8264314    4.62D-02
                     2s      3.9674928     11.3159506   1.0351962    2.45D-01
                     2p      2.2840743     17.0604024   0.7913526    5.84D-01
                     2p      0.5402929     11.3454862   9.3129415    3.80D-01
                     2p      1.5010501     13.5786871   1.6017898    1.75D-01


      < 1s| 2s>= 1.2D-02


          ITERATION NUMBER  2
          ----------------

          SCF CONVERGENCE CRITERIA (SCFTOL*SQRT(Z*NWF)) =   9.8D-08


                     EL         ED             AZ           NORM       DPM
                     1s     41.2920940     43.1481592   1.0079292    1.14D-02
                     2s      2.5322694      9.8967661   1.1173073    1.03D-01
                     2p      1.3900663     14.5732780   1.0115408    6.32D-02
                     2s      2.4848940      9.7712216   1.0040429    5.65D-03
                     2p      1.2649968     14.6126586   1.0012725    8.64D-03


      < 1s| 2s>=-1.3D-04


          ITERATION NUMBER  3
          ----------------

          SCF CONVERGENCE CRITERIA (SCFTOL*SQRT(Z*NWF)) =   2.0D-07


                     EL         ED             AZ           NORM       DPM
                     1s     41.3410060     43.1555064   0.9998660    3.45D-04
                     2s      2.4906865      9.7933449   0.9994908    7.97D-04
                     2p      1.2649778     14.6355761   0.9997661    2.23D-03
                     2p      1.2637781     14.6380847   1.0000058    3.47D-04
                     2s      2.4886858      9.7899588   1.0000947    1.72D-04


      < 1s| 2s>=-1.4D-05


          ITERATION NUMBER  4
          ----------------

          SCF CONVERGENCE CRITERIA (SCFTOL*SQRT(Z*NWF)) =   3.9D-07


                     EL         ED             AZ           NORM       DPM
                     1s     41.3373804     43.1551725   0.9999991    1.08D-05
                     2s      2.4887230      9.7905607   0.9999993    1.29D-05
                     2p      1.2638864     14.6399306   0.9999800    1.45D-04
                     2p      1.2638182     14.6402904   0.9999979    3.86D-05
                     2p      1.2638144     14.6404263   0.9999987    1.80D-05


      < 1s| 2s>= 6.8D-07


          ITERATION NUMBER  5
          ----------------

          SCF CONVERGENCE CRITERIA (SCFTOL*SQRT(Z*NWF)) =   7.8D-07


                     EL         ED             AZ           NORM       DPM
                     1s     41.3373102     43.1551780   1.0000000    1.68D-07
                     2s      2.4886330      9.7904932   1.0000014    4.28D-06
                     2p      1.2638174     14.6405546   0.9999986    1.12D-05
                     2p      1.2638140     14.6405968   0.9999995    4.87D-06
                     2p      1.2638132     14.6406156   0.9999997    2.83D-06


      < 1s| 2s>=-5.3D-08


          ITERATION NUMBER  6
          ----------------

          SCF CONVERGENCE CRITERIA (SCFTOL*SQRT(Z*NWF)) =   1.6D-06


                     EL         ED             AZ           NORM       DPM
                     1s     41.3373145     43.1551772   1.0000000    2.74D-08
                     2s      2.4886300      9.7904939   1.0000000    2.45D-07
                     2p      1.2638130     14.6406363   0.9999998    1.96D-06
                     2p      1.2638126     14.6406445   0.9999999    9.98D-07
                     2p      1.2638125     14.6406484   0.9999999    6.32D-07


      < 1s| 2s>= 3.1D-09


          ITERATION NUMBER  7
          ----------------

          SCF CONVERGENCE CRITERIA (SCFTOL*SQRT(Z*NWF)) =   3.1D-06


                     EL         ED             AZ           NORM       DPM
                     1s     41.3373141     43.1551772   1.0000000    3.70D-09
                     2s      2.4886294      9.7904937   1.0000000    3.82D-08
                     2p      1.2638125     14.6406533   1.0000000    4.62D-07


      < 1s| 2s>= 4.6D-09


 END OF CASE
 ===========


