






                      =============================
                       H A R T R E E - F O C K . 86
                      =============================


               THE DIMENSIONS FOR THE CURRENT VERSION ARE:
                          NWF= 30        NO=220



 START OF CASE
 =============





          WEAK ORTHOGONALIZATION DURING THE SCF CYCLE=   T
          SCF CONVERGENCE TOLERANCE (FUNCTIONS)      = 1.00D-08
          NUMBER OF POINTS IN THE MAXIMUM RANGE      = 220


          ITERATION NUMBER  1
          ----------------

          SCF CONVERGENCE CRITERIA (SCFTOL*SQRT(Z*NWF)) =   6.6D-08

          C( 1s 3s) =    -0.02658   V( 1s 3s) =   -44.57684   EPS = 0.000596
          C( 2s 3s) =    -0.02542   V( 2s 3s) =    -4.04308   EPS = 0.006287
          E( 3s 1s) =    -0.00010   E( 1s 3s) =    -0.00005
          E( 3s 2s) =    -0.00092   E( 2s 3s) =    -0.00046

                     EL         ED             AZ           NORM       DPM
                     1s     89.7952741     70.8561758   0.9408489    1.34D-01
                     2s      8.2302472     20.1156527   4.2260936    2.53D-01
                     2p      5.9990389     47.1758552   1.1692409    7.12D-01
                     3s      0.2361538      2.7551410   0.1779118    4.55D-01
                     2p      1.8559503     29.5154528   1.7047100    3.71D-01
                     2p      3.8376785     38.4684742   4.1864871    2.57D-01
                     2p      2.9138890     37.7766615   1.0282187    3.61D-02


      < 1s| 2s>= 1.7D-02
      < 1s| 3s>= 4.1D-03
      < 2s| 3s>= 2.1D-01


          ITERATION NUMBER  2
          ----------------

          SCF CONVERGENCE CRITERIA (SCFTOL*SQRT(Z*NWF)) =   1.3D-07

          C( 1s 3s) =     0.02092   V( 1s 3s) =   -40.23431   EPS =-0.000520
          C( 2s 3s) =     0.06233   V( 2s 3s) =    -2.67479   EPS =-0.023302
          E( 3s 1s) =     0.00015   E( 1s 3s) =     0.00007
          E( 3s 2s) =     0.00225   E( 2s 3s) =     0.00112

                     EL         ED             AZ           NORM       DPM
                     1s     80.7417073     70.2693642   1.0126272    1.87D-02
                     2s      5.6177599     17.1655919   1.1523412    1.41D-01
                     2p      3.3597620     38.8524599   0.9957212    2.51D-02
                     3s      0.3553392      2.6220960   0.6368376    8.60D-01
                     3s      0.3638514      2.5109890   1.0543093    1.81D-02
                     2s      5.5827230     17.1357041   0.9996094    4.22D-03
                     2p      3.0234971     38.7894642   1.0021141    4.91D-03


      < 1s| 2s>=-1.4D-04
      < 1s| 3s>=-7.7D-05
      < 2s| 3s>=-2.3D-03


          ITERATION NUMBER  3
          ----------------

          SCF CONVERGENCE CRITERIA (SCFTOL*SQRT(Z*NWF)) =   2.7D-07

          C( 1s 3s) =    -0.00006   V( 1s 3s) =   -40.22709   EPS = 0.000001
          C( 2s 3s) =    -0.00115   V( 2s 3s) =    -2.55184   EPS = 0.000450
          E( 3s 1s) =     0.00021   E( 1s 3s) =     0.00010
          E( 3s 2s) =     0.00293   E( 2s 3s) =     0.00147

                     EL         ED             AZ           NORM       DPM
                     1s     80.9768828     70.2918212   1.0000169    5.24D-04
                     2s      5.6024307     17.1675212   0.9996590    9.12D-04
                     2p      3.0432989     38.8496310   0.9995851    8.63D-04
                     3s      0.3641243      2.5746049   0.9867783    4.51D-03
                     3s      0.3641557      2.5764127   0.9979796    9.30D-04
                     2p      3.0349234     38.8404414   1.0001557    3.67D-04
                     2s      5.5949849     17.1639027   1.0000618    1.56D-04


      < 1s| 2s>= 1.0D-05
      < 1s| 3s>= 2.1D-06
      < 2s| 3s>= 9.9D-06


          ITERATION NUMBER  4
          ----------------

          SCF CONVERGENCE CRITERIA (SCFTOL*SQRT(Z*NWF)) =   5.3D-07

          C( 1s 3s) =     0.00007   V( 1s 3s) =   -40.21749   EPS =-0.000002
          C( 2s 3s) =     0.00004   V( 2s 3s) =    -2.54772   EPS =-0.000017
          E( 3s 1s) =     0.00022   E( 1s 3s) =     0.00011
          E( 3s 2s) =     0.00309   E( 2s 3s) =     0.00155

                     EL         ED             AZ           NORM       DPM
                     1s     80.9592293     70.2904711   0.9999891    3.49D-05
                     2s      5.5951642     17.1642304   0.9999898    3.82D-05
                     2p      3.0373039     38.8492170   0.9999204    1.78D-04
                     3s      0.3641936      2.5787057   0.9984811    4.27D-04
                     2p      3.0359930     38.8454206   1.0000396    8.86D-05
                     3s      0.3642104      2.5795202   0.9995914    1.63D-04
                     2p      3.0364286     38.8474301   0.9999806    4.41D-05


      < 1s| 2s>= 2.5D-06
      < 1s| 3s>= 2.6D-07
      < 2s| 3s>= 3.8D-06


          ITERATION NUMBER  5
          ----------------

          SCF CONVERGENCE CRITERIA (SCFTOL*SQRT(Z*NWF)) =   1.1D-06

          C( 1s 3s) =     0.00001   V( 1s 3s) =   -40.21612   EPS =-0.000000
          C( 2s 3s) =     0.00004   V( 2s 3s) =    -2.54708   EPS =-0.000016
          E( 3s 1s) =     0.00022   E( 1s 3s) =     0.00011
          E( 3s 2s) =     0.00310   E( 2s 3s) =     0.00155

                     EL         ED             AZ           NORM       DPM
                     1s     80.9566402     70.2903825   0.9999983    4.52D-06
                     2s      5.5939611     17.1633968   1.0000120    3.96D-05
                     2p      3.0362381     38.8467043   1.0000075    1.69D-05
                     3s      0.3642063      2.5798379   0.9999219    2.79D-05
                     2s      5.5940964     17.1634970   0.9999980    6.26D-06
                     2p      3.0363134     38.8470895   0.9999963    8.34D-06
                     3s      0.3642047      2.5799071   0.9999852    2.76D-06


      < 1s| 2s>=-3.0D-07
      < 1s| 3s>=-3.2D-08
      < 2s| 3s>= 1.4D-06


          ITERATION NUMBER  6
          ----------------

          SCF CONVERGENCE CRITERIA (SCFTOL*SQRT(Z*NWF)) =   2.1D-06

          C( 1s 3s) =    -0.00000   V( 1s 3s) =   -40.21626   EPS = 0.000000
          C( 2s 3s) =     0.00000   V( 2s 3s) =    -2.54711   EPS =-0.000001
          E( 3s 1s) =     0.00022   E( 1s 3s) =     0.00011
          E( 3s 2s) =     0.00310   E( 2s 3s) =     0.00155

                     EL         ED             AZ           NORM       DPM
                     1s     80.9569424     70.2903983   1.0000002    4.92D-07
                     2s      5.5940318     17.1634445   1.0000011    2.64D-06
                     2p      3.0362648     38.8468807   1.0000020    4.48D-06
                     3s      0.3642056      2.5799097   0.9999974    2.06D-06
                     2p      3.0362921     38.8470070   0.9999988    2.67D-06
                     2p      3.0362749     38.8469492   1.0000007    1.63D-06
                     2p      3.0362828     38.8469583   0.9999998    3.40D-07


      < 1s| 2s>=-7.1D-08
      < 1s| 3s>=-7.8D-09
      < 2s| 3s>=-6.7D-07


          ITERATION NUMBER  7
          ----------------

          SCF CONVERGENCE CRITERIA (SCFTOL*SQRT(Z*NWF)) =   4.2D-06

          C( 1s 3s) =    -0.00000   V( 1s 3s) =   -40.21629   EPS = 0.000000
          C( 2s 3s) =    -0.00000   V( 2s 3s) =    -2.54712   EPS = 0.000000
          E( 3s 1s) =     0.00022   E( 1s 3s) =     0.00011
          E( 3s 2s) =     0.00310   E( 2s 3s) =     0.00155

                     EL         ED             AZ           NORM       DPM
                     1s     80.9570049     70.2904010   1.0000000    1.16D-07
                     2s      5.5940527     17.1634640   0.9999997    9.33D-07
                     2p      3.0362796     38.8469528   1.0000001    1.45D-07
                     3s      0.3642053      2.5799121   1.0000018    4.15D-07


      < 1s| 2s>= 5.2D-09
      < 1s| 3s>=-3.5D-10
      < 2s| 3s>=-1.6D-08


          ITERATION NUMBER  8
          ----------------

          SCF CONVERGENCE CRITERIA (SCFTOL*SQRT(Z*NWF)) =   8.5D-06

          C( 1s 3s) =     0.00000   V( 1s 3s) =   -40.21629   EPS =-0.000000
          C( 2s 3s) =    -0.00000   V( 2s 3s) =    -2.54712   EPS = 0.000000
          E( 3s 1s) =     0.00022   E( 1s 3s) =     0.00011
          E( 3s 2s) =     0.00310   E( 2s 3s) =     0.00155

                     EL         ED             AZ           NORM       DPM
                     1s     80.9570023     70.2904008   1.0000000    2.87D-09
                     2s      5.5940528     17.1634644   1.0000000    2.40D-08
                     2p      3.0362805     38.8469531   1.0000000    1.86D-08
                     3s      0.3642053      2.5799116   1.0000001    3.87D-08


      < 1s| 2s>= 3.9D-09
      < 1s| 3s>= 4.5D-10
      < 2s| 3s>= 3.4D-09


 END OF CASE
 ===========


