1


         HARTREE-FOCK WAVE FUNCTIONS FOR  Na    1S     Z = 11.0

              Core =  1s(   2)  2s(   2)  2p(   6)
     Configuration =  3s(   1)                                        


         INPUT DATA
         ----- ----

             WAVE FUNCTION  PROCEDURE
                 NL  SIGMA METH ACC OPT



       1   1s  1  0    1.0   1 0.0   0
       2   2s  2  0    3.0   1 0.0   0
       3   2p  2  1    7.0   1 0.0   0
       4   3s  3  0   10.0   1 0.0   0



        INITIAL ESTIMATES 

          NL    SIGMA      E(NL)    AZ(NL)    FUNCTIONS


          1s     1.00      0.000    66.408    SCREENED HYDROGENIC    
          2s     3.00      0.000    19.000    SCREENED HYDROGENIC    
          2p     7.00      0.000    22.964    SCREENED HYDROGENIC    
          3s    10.00      0.000     2.309    SCREENED HYDROGENIC    

      LEAST SELF-CONSISTENT FUNCTION IS  3s :WEIGHTED MAXIMUM CHANGE =  4.55D-01

      LEAST SELF-CONSISTENT FUNCTION IS  1s :WEIGHTED MAXIMUM CHANGE =  2.64D-02

      LEAST SELF-CONSISTENT FUNCTION IS  3s :WEIGHTED MAXIMUM CHANGE =  9.30D-04

      LEAST SELF-CONSISTENT FUNCTION IS  3s :WEIGHTED MAXIMUM CHANGE =  1.63D-04

      LEAST SELF-CONSISTENT FUNCTION IS  2p :WEIGHTED MAXIMUM CHANGE =  2.04D-05

      LEAST SELF-CONSISTENT FUNCTION IS  2s :WEIGHTED MAXIMUM CHANGE =  3.73D-06

      LEAST SELF-CONSISTENT FUNCTION IS  2s :WEIGHTED MAXIMUM CHANGE =  1.32D-06


          NUMBER OF FUNCTIONS ITERATED          =     4
          MAXIMUM WEIGHTED CHANGE IN FUNCTIONS  =  0.46D-07

1         WAVE FUNCTIONS FOR Na    1S    

          R           1s           2s           2p           3s
     0.00167    0.114914   0.028059   0.000107   0.004218
     0.00177    0.122181   0.029833   0.000121   0.004484
     0.00189    0.129898   0.031717   0.000137   0.004767
     0.00201    0.138090   0.033717   0.000155   0.005068
     0.00214    0.146787   0.035840   0.000175   0.005387
     0.00228    0.156018   0.038094   0.000199   0.005726
     0.00242    0.165812   0.040485   0.000225   0.006085
     0.00258    0.176203   0.043022   0.000255   0.006467
     0.00275    0.187225   0.045712   0.000288   0.006871
     0.00292    0.198912   0.048565   0.000326   0.007300

     0.00311    0.211303   0.051590   0.000370   0.007755
     0.00331    0.224435   0.054795   0.000418   0.008236
     0.00352    0.238350   0.058192   0.000473   0.008747
     0.00375    0.253089   0.061789   0.000536   0.009288
     0.00399    0.268696   0.065598   0.000606   0.009860
     0.00425    0.285217   0.069629   0.000686   0.010466
     0.00453    0.302699   0.073895   0.000776   0.011107
     0.00482    0.321190   0.078406   0.000878   0.011785
     0.00513    0.340740   0.083175   0.000993   0.012502
     0.00546    0.361400   0.088215   0.001124   0.013260

     0.00581    0.383223   0.093537   0.001271   0.014060
     0.00619    0.406263   0.099156   0.001437   0.014904
     0.00659    0.430575   0.105083   0.001625   0.015795
     0.00701    0.456212   0.111332   0.001837   0.016734
     0.00746    0.483231   0.117916   0.002077   0.017724
     0.00794    0.511686   0.124848   0.002347   0.018766
     0.00846    0.541633   0.132141   0.002652   0.019862
     0.00900    0.573125   0.139808   0.002996   0.021014
     0.00958    0.606215   0.147860   0.003384   0.022224
     0.01020    0.640953   0.156310   0.003822   0.023494

     0.01086    0.677386   0.165166   0.004315   0.024825
     0.01156    0.715558   0.174439   0.004871   0.026218
     0.01230    0.755508   0.184137   0.005498   0.027675
     0.01310    0.797270   0.194267   0.006203   0.029197
     0.01394    0.840871   0.204831   0.006997   0.030785
     0.01484    0.886328   0.215833   0.007890   0.032438
     0.01580    0.933653   0.227272   0.008894   0.034156
     0.01682    0.982843   0.239144   0.010023   0.035939
     0.01790    1.033885   0.251441   0.011291   0.037786
     0.01906    1.086749   0.264151   0.012715   0.039695

     0.02028    1.141392   0.277257   0.014313   0.041663
     0.02159    1.197750   0.290736   0.016105   0.043687
     0.02299    1.255739   0.304560   0.018114   0.045762
     0.02447    1.315254   0.318692   0.020363   0.047883
     0.02605    1.376162   0.333090   0.022880   0.050043
     0.02773    1.438305   0.347699   0.025695   0.052234
     0.02951    1.501493   0.362459   0.028840   0.054447
     0.03142    1.565505   0.377297   0.032351   0.056670
     0.03344    1.630085   0.392127   0.036266   0.058891
     0.03560    1.694939   0.406853   0.040628   0.061095
1


     0.03790    1.759736   0.421365   0.045482   0.063265
     0.04034    1.824104   0.435537   0.050879   0.065382
     0.04294    1.887629   0.449229   0.056870   0.067424
     0.04571    1.949857   0.462285   0.063514   0.069369
     0.04866    2.010289   0.474530   0.070872   0.071188
     0.05180    2.068389   0.485775   0.079007   0.072853
     0.05514    2.123579   0.495810   0.087990   0.074332
     0.05870    2.175248   0.504409   0.097892   0.075590
     0.06248    2.222751   0.511328   0.108787   0.076591
     0.06651    2.265419   0.516306   0.120755   0.077293

     0.07080    2.302567   0.519067   0.133875   0.077655
     0.07537    2.333497   0.519320   0.148228   0.077632
     0.08023    2.357518   0.516762   0.163895   0.077177
     0.08540    2.373951   0.511081   0.180959   0.076244
     0.09091    2.382147   0.501962   0.199496   0.074782
     0.09677    2.381505   0.489087   0.219581   0.072744
     0.10301    2.371486   0.472143   0.241282   0.070081
     0.10966    2.351634   0.450829   0.264661   0.066747
     0.11673    2.321595   0.424862   0.289765   0.062699
     0.12426    2.281137   0.393986   0.316631   0.057898

     0.13227    2.230169   0.357981   0.345279   0.052311
     0.14080    2.168760   0.316673   0.375708   0.045912
     0.14988    2.097152   0.269945   0.407893   0.038683
     0.15955    2.015776   0.217746   0.441783   0.030621
     0.16984    1.925254   0.160107   0.477296   0.021731
     0.18079    1.826410   0.097149   0.514315   0.012037
     0.19245    1.720257   0.029094   0.552685   0.001579
     0.20487    1.607991  -0.043725   0.592209  -0.009587
     0.21808    1.490969  -0.120853   0.632648  -0.021380
     0.23214    1.370682  -0.201712   0.673715  -0.033701

     0.24712    1.248722  -0.285595   0.715077  -0.046425
     0.26305    1.126732  -0.371664   0.756355  -0.059407
     0.28002    1.006366  -0.458961   0.797126  -0.072477
     0.29808    0.889230  -0.546414   0.836924  -0.085443
     0.31730    0.776831  -0.632851   0.875250  -0.098095
     0.33777    0.670523  -0.717021   0.911574  -0.110202
     0.35955    0.571460  -0.797624   0.945347  -0.121522
     0.38274    0.480557  -0.873335   0.976015  -0.131801
     0.40743    0.398463  -0.942847   1.003024  -0.140783
     0.43370    0.325542  -1.004901   1.025843  -0.148211

     0.46167    0.261875  -1.058335   1.043973  -0.153837
     0.49145    0.207278  -1.102120   1.056965  -0.157428
     0.52315    0.161326  -1.135396   1.064433  -0.158770
     0.55689    0.123394  -1.157515   1.066071  -0.157675
     0.59280    0.092711  -1.168059   1.061661  -0.153988
     0.63103    0.068406  -1.166871   1.051089  -0.147589
     0.67173    0.049567  -1.154061   1.034344  -0.138398
     0.71506    0.035285  -1.130010   1.011530  -0.126375
     0.76117    0.024703  -1.095364   0.982861  -0.111522
     0.81026    0.017039  -1.051014   0.948661  -0.093884
1


     0.86252    0.011611  -0.998071   0.909357  -0.073543
     0.91815    0.007851  -0.937830   0.865472  -0.050622
     0.97736    0.005295  -0.871725   0.817612  -0.025276
     1.04040    0.003585  -0.801290   0.766453   0.002304
     1.10750    0.002454  -0.728100   0.712728   0.031901
     1.17893    0.001708  -0.653728   0.657207   0.063267
     1.25496    0.001213  -0.579689   0.600685   0.096129
     1.33590    0.000878  -0.507395   0.543957   0.130188
     1.42206    0.000647  -0.438114   0.487805   0.165119
     1.51377    0.000482  -0.372927   0.432975   0.200573

     1.61140    0.000361  -0.312708   0.380163   0.236173
     1.71533    0.000270  -0.258099   0.329989   0.271516
     1.82596    0.000201  -0.209503   0.282988   0.306173
     1.94372    0.000148  -0.167090   0.239593   0.339691
     2.06908    0.000108  -0.130811   0.200125   0.371593
     2.20253    0.000078  -0.100420   0.164783   0.401387
     2.34458    0.000055  -0.075510   0.133649   0.428571
     2.49579    0.000039  -0.055554   0.106684   0.452645
     2.65675    0.000026  -0.039944   0.083744   0.473122
     2.82810    0.000018  -0.028037   0.064590   0.489544

     3.01050    0.000012  -0.019190   0.048908   0.501501
     3.20466    0.000007  -0.012798   0.036330   0.508646
     3.41134    0.000004  -0.008311   0.026457   0.510720
     3.63135    0.000003  -0.005256   0.018878   0.507567
     3.86555    0.000001  -0.003241   0.013195   0.499150
     4.11486    0.000001  -0.001956   0.009036   0.485567
     4.38025    0.000000  -0.001163   0.006066   0.467061
     4.66275   -0.000000  -0.000690   0.003998   0.444018
     4.96347   -0.000000  -0.000417   0.002593   0.416965
     5.28358   -0.000000  -0.000263   0.001662   0.386559

     5.62435   -0.000000  -0.000177   0.001058   0.353563
     5.98709   -0.000000  -0.000128   0.000673   0.318819
     6.37322   -0.000000  -0.000099   0.000431   0.283212
     6.78426   -0.000000  -0.000080   0.000279   0.247631
     7.22180   -0.000000  -0.000066   0.000184   0.212929
     7.68757   -0.000000  -0.000055   0.000123   0.179877
     8.18338   -0.000000  -0.000045   0.000083   0.149133
     8.71116   -0.000000  -0.000036   0.000056   0.121212
     9.27298   -0.000000  -0.000029   0.000038   0.096464
     9.87104   -0.000000  -0.000022   0.000026   0.075073

    10.50766   -0.000000  -0.000017   0.000017   0.057055
    11.18535   -0.000000  -0.000013   0.000011   0.042282
    11.90674   -0.000000  -0.000009   0.000007   0.030507
    12.67466   -0.000000  -0.000006   0.000004   0.021394
    13.49211   -0.000000  -0.000004   0.000003   0.014557
    14.36227   -0.000000  -0.000003   0.000001   0.009592
    15.28856   -0.000000  -0.000002   0.000001   0.006108
    16.27459   -0.000000  -0.000001   0.000000   0.003750
    17.32421   -0.000000  -0.000001   0.000000   0.002216
    18.44152   -0.000000  -0.000000   0.000000   0.001256
1


    19.63090   -0.000000  -0.000000   0.000000   0.000682
    20.89698   -0.000000  -0.000000   0.000000   0.000353
    22.24472   -0.000000  -0.000000   0.000000   0.000174
    23.67938   -0.000000  -0.000000   0.000000   0.000082
    25.20657   -0.000000  -0.000000   0.000000   0.000036
    26.83226   -0.000000  -0.000000   0.000000   0.000015
    28.56279   -0.000000  -0.000000   0.000000   0.000006
    30.40493   -0.000000  -0.000000   0.000000   0.000002
    32.36588   -0.000000  -0.000000   0.000000   0.000001
    34.45330    0.000000  -0.000000   0.000000   0.000000

    36.67534    0.000000  -0.000000   0.000000   0.000000
    39.04070    0.000000  -0.000000   0.000000   0.000000
    41.55861    0.000000   0.000000   0.000000   0.000000
    44.23891    0.000000   0.000000   0.000000   0.000000
    47.09207    0.000000   0.000000   0.000000   0.000000
    50.12925    0.000000   0.000000   0.000000   0.000000
   MAX. DIFF.   0.0000000  0.0000000  0.0000000  0.0000000



                        ATOM Na       TERM 1S    

  nl       E(nl)        I(nl)       KE(nl)        Rel(nl)   S(nl)       Az(nl)
  1s    80.9570023   -60.405976    56.275245    -0.083486   0.500     70.290401
  2s     5.5940528   -13.698077     6.842641    -0.011202   3.298     17.163464
  2p     3.0362805   -12.769939     5.892641    -0.003186   4.738     38.846953
  3s     0.3642053    -3.048086     0.267294    -0.000268   7.792      2.579912


  nl      Delta(R)     1/R**3       1/R         R        R**2
  1s       393.172       0.0000   10.60738   0.14286    0.02748
  2s        23.442       0.0000    1.86734   0.77907    0.73149
  2p         0.000      17.0048    1.69660   0.79849    0.82213
  3s         0.530       0.0000    0.30140   4.20877   20.70497


     TOTAL ENERGY (a.u.)
     ----- ------
           Non-Relativistic     -161.85891157    Kinetic      161.85891154
           Relativistic Shift     -0.19897438    Potential   -323.71782311
           Relativistic         -162.05788595    Ratio        -2.000000000
